     diagonalizing the dynamical matrix ...

 q =       0.0000      0.0000      0.0000
 **************************************************************************
     freq (    1) =      -0.000000 [THz] =      -0.000006 [cm-1]
 (  0.251523   0.000000     0.516614   0.000000     0.056385   0.000000   )
 (  0.251523   0.000000     0.516614   0.000000     0.056385   0.000000   )
 (  0.251523   0.000000     0.516614   0.000000     0.056385   0.000000   )
     freq (    2) =      -0.000000 [THz] =      -0.000004 [cm-1]
 ( -0.505090   0.000000     0.257758   0.000000    -0.108528   0.000000   )
 ( -0.505090   0.000000     0.257758   0.000000    -0.108528   0.000000   )
 ( -0.505090   0.000000     0.257758   0.000000    -0.108528   0.000000   )
     freq (    3) =       0.000000 [THz] =       0.000001 [cm-1]
 (  0.122284   0.000000     0.002048   0.000000    -0.564248   0.000000   )
 (  0.122284   0.000000     0.002048   0.000000    -0.564248   0.000000   )
 (  0.122284   0.000000     0.002048   0.000000    
     Polarizability (A^3 units)
     multiply by 0.506048 for Clausius-Mossotti correction
        57.861318    0.000000   -0.000000
         0.000000   57.861318    0.000000
        -0.000000    0.000000    3.494500

     IR activities are in (D/A)^2/amu units
     Raman activities are in A^4/amu units
     multiply Raman by 0.256084 for Clausius-Mossotti correction

# mode   [cm-1]    [THz]      IR          Raman   depol.fact
    1     -0.00   -0.0000    0.0000         0.2331    0.7500
    2     -0.00   -0.0000    0.0000         0.2271    0.7500
    3      0.00    0.0000    0.0000         0.0106    0.7500
    4    284.12    8.5176    0.0000         0.0011    0.7500
    5    284.12    8.5176    0.0000         0.0011    0.7500
    6    384.29   11.5208    1.2847       178.4425    0.7500
    7    384.29   11.5208    1.2847       178.4425    0.7500
    8    404.00   12.1116    0.0000       176.4221    0.1062
    9    464.46   13.9242    0.0045         0.0000    0.1760

     DYNMAT       :      0.00s CPU      0.00s WALL


   This run was terminated on:  16: 3:54   1Jan2023            

=------------------------------------------------------------------------------=
   JOB DONE.
=------------------------------------------------------------------------------=
 0.000000    -0.000000   0.000000    -0.000000   0.000000   )
 ( -0.000000   0.000000     0.000000   0.000000     0.707107   0.000000   )
 ( -0.000000   0.000000     0.000000   0.000000    -0.707107   0.000000   )
     freq (    9) =      13.924227 [THz] =     464.462214 [cm-1]
 (  0.000000   0.000000    -0.000000   0.000000    -0.427328   0.000000   )
 ( -0.000000   0.000000     0.000000   0.000000     0.639293   0.000000   )
 ( -0.000000   0.000000     0.000000   0.000000     0.639293   0.000000   )
 **************************************************************************
