
     Program OPEN_GRID v.6.7MaX starts on  1Jan2023 at 16:49: 8 

     This program is part of the open-source Quantum ESPRESSO suite
     for quantum simulation of materials; please cite
         "P. Giannozzi et al., J. Phys.:Condens. Matter 21 395502 (2009);
         "P. Giannozzi et al., J. Phys.:Condens. Matter 29 465901 (2017);
          URL http://www.quantum-espresso.org", 
     in publications or presentations arising from this work. More details at
     http://www.quantum-espresso.org/quote

     Parallel version (MPI), running on     8 processors

     MPI processes distributed on     1 nodes
     R & G space division:  proc/nbgrp/npool/nimage =       8

  Reading nscf_save data

     Reading xml data from directory:

     ../tmp/mos2.save/
     EXX fraction changed:   0.25
     EXX Screening parameter changed:    0.1060000
     file Mo.pbe-spn-rrkjus_psl.1.0.0.UPF: wavefunction(s)  4S renormalized

     IMPORTANT: XC functional enforced from input :
     Exchange-correlation= HSE
                           (   1   4  12   4   0   0   0)
     EXX-fraction              =        0.25
     Any further DFT definition will be discarded
     Please, verify this is what you really want


     Parallelization info
     --------------------
     sticks:   dense  smooth     PW     G-vecs:    dense   smooth      PW
     Min          74      74     21                 9290     9290    1475
     Max          75      75     22                 9311     9311    1495
     Sum         595     595    169                74365    74365   11873


     negative rho (up, down):  2.634E-03 0.000E+00
     Reading collected, re-writing distributed wavefunctions

     EXX: q-point mesh:     6    6    1
     EXX: setup a grid of 36 q-points centered on each k-point
     (k+q)-points:
   0.0000000   0.0000000   0.0000000         1    1
   0.0000000   0.1924501   0.0000000         2    1
   0.0000000   0.3849002   0.0000000         3    1
   0.0000000  -0.5773503   0.0000000         4    1
  -0.0000000  -0.3849002   0.0000000         3   -1
  -0.0000000  -0.1924501   0.0000000         2   -1
   0.1666667   0.0962250  -0.0000000         2   -4
   0.1666667   0.2886751   0.0000000         5    1
   0.1666667   0.4811252   0.0000000         6    1
   0.1666667  -0.4811252  -0.0000000         6   -2
   0.1666667  -0.2886751  -0.0000000         5   -2
   0.1666667  -0.0962250   0.0000000         2    3
   0.3333333   0.1924501  -0.0000000         3   -4
   0.3333333   0.3849002   0.0000000         6   -5
   0.3333333   0.5773503   0.0000000         7    1
   0.3333333  -0.3849002   0.0000000         6    3
   0.3333333  -0.1924501   0.0000000         3    3
   0.3333333  -0.0000000  -0.0000000         5   -4
   0.5000000   0.2886751   0.0000000         4    4
  -0.5000000  -0.0962250   0.0000000         6    4
  -0.5000000   0.0962250   0.0000000         6   -6
  -0.5000000   0.2886751   0.0000000         4    3
   0.5000000  -0.0962250   0.0000000         6    6
   0.5000000   0.0962250  -0.0000000         6   -4
  -0.3333333  -0.1924501   0.0000000         3    4
  -0.3333333   0.0000000   0.0000000         5    4
  -0.3333333   0.1924501   0.0000000         3   -3
  -0.3333333   0.3849002   0.0000000         6   -3
  -0.3333333  -0.5773503   0.0000000         7   -1
  -0.3333333  -0.3849002   0.0000000         6    5
  -0.1666667  -0.0962250   0.0000000         2    4
  -0.1666667   0.0962250   0.0000000         2   -3
  -0.1666667   0.2886751   0.0000000         5    2
  -0.1666667   0.4811252   0.0000000         6    2
  -0.1666667  -0.4811252   0.0000000         6   -1
  -0.1666667  -0.2886751   0.0000000         5   -1

     EXX grid:    74365 G-vectors     FFT dimensions: (  30,  30, 192)
     Message from routine rotate_becxx:
     skipping rotation of <beta|psi>, this will only work for open_grid

     Writing output data file ../tmp/mos2_open.save/
     Grid of q-points
     Dimensions:   2   2   1
     Shift:        0   0   0
     List to be put in the .win file of wannier90: (already in crystal/fractionary coordinates):
    0.000000000000000    0.000000000000000    0.000000000000000    0.0277777778
    0.000000000000000    0.166666666666658    0.000000000000000    0.0277777778
    0.000000000000000    0.333333333333315    0.000000000000000    0.0277777778
    0.000000000000000   -0.499999999999973    0.000000000000000    0.0277777778
    0.000000000000000   -0.333333333333315    0.000000000000000    0.0277777778
    0.000000000000000   -0.166666666666658    0.000000000000000    0.0277777778
    0.166666666666658    0.000000000000000    0.000000000000000    0.0277777778
    0.166666666666658    0.166666666666658    0.000000000000000    0.0277777778
    0.166666666666658    0.333333333333316    0.000000000000000    0.0277777778
    0.166666666666658   -0.499999999999973    0.000000000000000    0.0277777778
    0.166666666666658   -0.333333333333315    0.000000000000000    0.0277777778
    0.166666666666658   -0.166666666666658    0.000000000000000    0.0277777778
    0.333333333333315    0.000000000000000    0.000000000000000    0.0277777778
    0.333333333333316    0.166666666666658    0.000000000000000    0.0277777778
    0.333333333333315    0.333333333333315    0.000000000000000    0.0277777778
    0.333333333333316   -0.499999999999973    0.000000000000000    0.0277777778
    0.333333333333315   -0.333333333333315    0.000000000000000    0.0277777778
    0.333333333333315   -0.166666666666658    0.000000000000000    0.0277777778
    0.499999999999973    0.000000000000000    0.000000000000000    0.0277777778
   -0.499999999999973    0.166666666666658    0.000000000000000    0.0277777778
   -0.499999999999973    0.333333333333316    0.000000000000000    0.0277777778
   -0.499999999999973    0.499999999999973    0.000000000000000    0.0277777778
    0.499999999999973   -0.333333333333316    0.000000000000000    0.0277777778
    0.499999999999973   -0.166666666666658    0.000000000000000    0.0277777778
   -0.333333333333315    0.000000000000000    0.000000000000000    0.0277777778
   -0.333333333333315    0.166666666666658    0.000000000000000    0.0277777778
   -0.333333333333315    0.333333333333315    0.000000000000000    0.0277777778
   -0.333333333333316    0.499999999999973    0.000000000000000    0.0277777778
   -0.333333333333315   -0.333333333333315    0.000000000000000    0.0277777778
   -0.333333333333316   -0.166666666666658    0.000000000000000    0.0277777778
   -0.166666666666658   -0.000000000000000    0.000000000000000    0.0277777778
   -0.166666666666658    0.166666666666658    0.000000000000000    0.0277777778
   -0.166666666666658    0.333333333333315    0.000000000000000    0.0277777778
   -0.166666666666658    0.499999999999973    0.000000000000000    0.0277777778
   -0.166666666666658   -0.333333333333316    0.000000000000000    0.0277777778
   -0.166666666666658   -0.166666666666658    0.000000000000000    0.0277777778

     OPEN_GRID    :      1.18s CPU      1.64s WALL


   This run was terminated on:  16:49: 9   1Jan2023            

=------------------------------------------------------------------------------=
   JOB DONE.
=------------------------------------------------------------------------------=

